1599152837878	mozrunner::runner	INFO	Running command: "C:\\Program Files\\Mozilla Firefox\\firefox.exe" "-marionette" "-foreground" "-no-remote" "-profile" "C:\\Users\\PRASHA~1\\AppData\\Local\\Temp\\rust_mozprofile.6yOeuGYj0JhG"
1599152861308	Marionette	INFO	Listening on port 59504
1599152861935	Marionette	WARN	TLS certificate errors will be ignored for this session
1599152862076	Marionette	DEBUG	[6442450945] Frame script loaded
1599152862129	Marionette	DEBUG	[6442450945] Frame script registered
1599152863552	Marionette	DEBUG	[6442450945] Received DOM event beforeunload for about:blank
1599152868718	Marionette	DEBUG	[6442450945] Received DOM event pagehide for about:blank
1599152871214	Marionette	DEBUG	[6442450945] Received DOM event DOMContentLoaded for https://admin-demo.nopcommerce.com/login
1599152871234	Marionette	DEBUG	[6442450945] Received DOM event pageshow for https://admin-demo.nopcommerce.com/login
1599152871289	Marionette	INFO	Stopped listening on port 59504
[Parent 20180, Gecko_IOThread] WARNING: pipe error: 109: file z:/build/build/src/ipc/chromium/src/chrome/common/ipc_channel_win.cc, line 346
[Child 13528, Chrome_ChildThread] WARNING: pipe error: 109: file z:/build/build/src/ipc/chromium/src/chrome/common/ipc_channel_win.cc, line 346
[Chil[GPU 17488
###!!! [Child][MessageChannel::SendAndWait] Error: Channel error: cannot send/recv

1599152878435	mozrunner::runner	INFO	Running command: "C:\\Program Files\\Mozilla Firefox\\firefox.exe" "-marionette" "-foreground" "-no-remote" "-profile" "C:\\Users\\PRASHA~1\\AppData\\Local\\Temp\\rust_mozprofile.ARG1Bld60pua"
1599152885700	Marionette	INFO	Listening on port 59545
1599152885839	Marionette	WARN	TLS certificate errors will be ignored for this session
1599152886350	Marionette	DEBUG	[6442450945] Frame script loaded
1599152886361	Marionette	DEBUG	[6442450945] Frame script registered
1599152886398	Marionette	DEBUG	[6442450945] Received DOM event beforeunload for about:blank
1599152888644	Marionette	DEBUG	[6442450945] Received DOM event pagehide for about:blank
1599152889920	Marionette	DEBUG	[6442450945] Received DOM event DOMContentLoaded for https://admin-demo.nopcommerce.com/login
1599152889923	Marionette	DEBUG	[6442450945] Received DOM event pageshow for https://admin-demo.nopcommerce.com/login
1599152891357	Marionette	DEBUG	[6442450945] Received DOM event beforeunload for https://admin-demo.nopcommerce.com/login
1599152894734	Marionette	DEBUG	[6442450945] Received DOM event pagehide for https://admin-demo.nopcommerce.com/login
1599152894752	Marionette	DEBUG	[6442450945] Received DOM event unload for https://admin-demo.nopcommerce.com/login
1599152898052	Marionette	DEBUG	[6442450945] Received DOM event DOMContentLoaded for https://admin-demo.nopcommerce.com/admin/
1599152899372	Marionette	DEBUG	[6442450945] Received DOM event pageshow for https://admin-demo.nopcommerce.com/admin/
1599152899395	Marionette	INFO	Stopped listening on port 59545
[Parent 18084, Gecko_IOThread] WARNING: pipe error: 109: file z:/build/build/src/ipc/chromium/src/chrome/common/ipc_channel_win.cc, line 346
[Child 8368, Chrome_ChildThread] WARNING: pipe error: 109: file z:/build/build/src/ipc/chromium/src/chrome/common/ipc_channel_win.cc, line 346
[ChiIPDL protocol error: Handler returned error code!

###!!! [Parent][DispatchAsyncMessage] Error: PLayerTransaction::Msg_ReleaseLayer Processing error: message was deserialized, but the handler returned false (indicating failure)

IPDL protocol error: Handler returned error code!

###!!! [Parent][DispatchAsyncMessage] Error: PLayerTransaction::Msg_ReleaseLayer Processing error: message was deserialized, but the handler returned false (indicating failure)

[Parent 18084, Gecko_IOThread] WARNING: pipe error: 109: file z:/build/build/src/ipc/chromium/src/chrome/common/ipc_channel_win.cc, line 346
[Parent 18084, Gecko_IOThread] WARNING: pipe error: 109: file z:/build/build/src/ipc/chromium/src/chrome/common/ipc_channel_win.cc, line 346
[Child 14540, Chrome_ChildThread] WARNING: pipe error: 109: file z:/build/build/src/ipc/chromium/src/chrome/common/ipc_channel_win.cc, line 346
[Child 1[GPU 171
###!!! [Child][MessageChannel::SendAndWait] Error: Channel error: cannot send/recv

1599157544288	mozrunner::runner	INFO	Running command: "C:\\Program Files\\Mozilla Firefox\\firefox.exe" "-marionette" "-foreground" "-no-remote" "-profile" "C:\\Users\\PRASHA~1\\AppData\\Local\\Temp\\rust_mozprofile.I12nuGkq99Ld"
[Child 4604, Chrome_ChildThread] WARNING: pipe error: 109: file z:/build/build/src/ipc/chromium/src/chrome/common/ipc_channel_win.cc, line 346
console.error: "Could not write session state file " (new Error("_initWorker called too early! Please read the session file from disk first.", "resource:///modules/sessionstore/SessionFile.jsm", 335)) "_initWorker/<@resource:///modules/sessionstore/SessionFi1599157578665	Marionette	INFO	Listening on port 59720
1599157579900	Marionette	WARN	TLS certificate errors will be ignored for this session
1599157580679	Marionette	DEBUG	[4294967297] Frame script loaded
1599157580803	Marionette	DEBUG	[4294967297] Frame script registered
1599157585226	Marionette	DEBUG	[4294967297] Received DOM event beforeunload for about:blank
1599157654778	Marionette	DEBUG	[4294967297] Received DOM event pagehide for about:blank
[Child 20332, Chrome_ChildThread] WARNING: pipe error: 109: file z:/build/build/src/ipc/chromium/src/chrome/common/ipc_channel_win.cc, line 346
[Child 20332, Ch1599157664221	Marionette	DEBUG	[4294967297] Received DOM event unload for https://admin-demo.nopcommerce.com/login
1599157664241	Marionette	DEBUG	[4294967297] Received observer notification outer-window-destroyed for 4294967297
[Parent 3304, Gecko_IOThread] WARNING: pipe error: 232: file z:/build/build/src/ipc/chromium/src/chrome/common/ipc_channel_win.cc, line 513
[Parent 3304, Gecko_IOThread] WARNING: pipe error: 232: file z:/build/build/src/ipc/chromium/src/chrome/common/ipc_channel_win.cc, line 513
[Parent 3304, Gecko_IOThread] WARNING: pipe error: 232: file z:/build/build/src/ipc/chromium/src/chrome/common/ipc_channel_win.cc, line 513
[Parent 3304, Gecko_IOThread] WARNING: pipe error: 109: file z:/build/build/src/ipc/chromium/src/chrome/common/ipc_channel_win.cc, line 346
[Parent 3304, Gecko_IOThread] WARNING: pipe error: 232: file z:/build/build/src/ipc/chromium/src/chrome/common/ipc_channel_win.cc, line 513
[Parent 3304, Gecko_IOThread] WARNING: pipe error: 232: file z:/build/build/src/ipc/chromium/src/chrome/common/ipc_channel_win.cc, line 513
[Parent 3304, Gecko_IOThread] WARNING: pipe error: 109: file z:/build/build/src/ipc/chromium/src/chrome/common/ipc_channel_win.cc, line 346
[Parent 3304, Gecko_IOThread] WARNING: pipe error: 109: file z:/build/build/src/ipc/chromium/src/chrome/common/ipc_channel_win.cc, line 346

###!!! [Parent][RunMessage] Error: Channel error: cannot send/recv


###!!! [Parent][RunMessage] Error: Channel error: cannot send/recv


###!!! [Parent][RunMessage] Error: Channel error: cannot send/recv


###!!! [Parent][RunMessage] Error: Channel error: cannot send/recv


###!!! [Parent][RunMessage] Error: Channel error: cannot send/recv


###!!! [Parent][RunMessage] Error: Channel error: cannot send/recv


###!!! [Parent][RunMessage] Error: Channel error: cannot send/recv


###!!! [Parent][RunMessage] Error: Channel error: cannot send/recv


###!!! [Parent][RunMessage] Error: Channel error: cannot send/recv


###!!! [Parent][RunMessage] Error: Channel error: cannot send/recv


###!!! [Parent][RunMessage] Error: Channel error: cannot send/recv


###!!! [Parent][RunMessage] Error: Channel error: cannot send/recv


###!!! [Parent][RunMessage] Error: Channel error: cannot send/recv


###!!! [Parent][RunMessage] Error: Channel error: cannot send/recv


###!!! [Parent][RunMessage] Error: Channel error: cannot send/recv


###!!! [Parent][RunMessage] Error: Channel error: cannot send/recv


###!!! [Parent][RunMessage] Error: Channel error: cannot send/recv


###!!! [Parent][RunMessage] Error: Channel error: cannot send/recv


###!!! [Parent][RunMessage] Error: Channel error: cannot send/recv


###!!! [Parent][RunMessage] Error: Channel error: cannot send/recv


###!!! [Parent][RunMessage] Error: Channel error: cannot send/recv


###!!! [Parent][RunMessage] Error: Channel error: cannot send/recv


###!!! [Parent][RunMessage] Error: Channel error: cannot send/recv


###!!! [Parent][RunMessage] Error: Channel error: cannot send/recv


###!!! [Parent][RunMessage] Error: Channel error: cannot send/recv


###!!! [Parent][RunMessage] Error: Channel error: cannot send/recv


###!!! [Parent][RunMessage] Error: Channel error: cannot send/recv


###!!! [Parent][RunMessage] Error: Channel error: cannot send/recv


###!!! [Parent][RunMessage] Error: Channel error: cannot send/recv

JavaScript error: resource:///modules/sessionstore/SessionStore.jsm, line 1631: TypeError: subject.QueryInterface is not a function
A content process crashed and MOZ_CRASHREPORTER_SHUTDOWN is set, shutting down
[Parent 3304, Gecko_IOThread] WARNING: file z:/build/build/src/ipc/chromium/src/base/process_util_win.cc, line 188
1599157699460	Marionette	INFO	Stopped listening on port 59720

###!!! [Child][MessageChannel::SendAndWait] Error: Channel error: cannot send/recv

